2019-03-07 20:12:44,766 - BasePage - INFO - 鼠标成功单击操作
2019-03-07 20:12:45,920 - BasePage - INFO - 鼠标成功单击操作
2019-03-07 20:12:47,489 - BasePage - INFO - 鼠标成功单击操作
2019-03-07 20:12:53,507 - BasePage - INFO - 文本内容为：2019.03.07,18:38
2019-03-07 20:12:59,281 - BasePage - INFO - 鼠标成功单击操作
2019-03-07 20:12:59,722 - AddbmlTest - INFO - 添加备忘录成功
2019-03-07 20:13:05,348 - BasePage - INFO - 鼠标成功单击操作
2019-03-07 20:13:06,119 - BasePage - INFO - 鼠标成功单击操作
2019-03-07 20:13:12,237 - BasePage - INFO - 文本内容为：this is the second bwl
2019-03-07 20:13:15,970 - BasePage - INFO - 鼠标成功单击操作
2019-03-07 20:13:16,408 - AddbmlTest - INFO - 第二种添加备忘录成功
2019-03-07 20:13:28,539 - BasePage - INFO - 鼠标成功单击操作
2019-03-07 20:13:34,561 - BasePage - INFO - 文本内容为：pppp
2019-03-07 20:13:34,586 - BasePage - INFO - 键盘操作回车成功：
2019-03-07 20:13:36,185 - BasePage - INFO - 鼠标成功单击操作
2019-03-07 20:13:36,358 - SearchTest - INFO - 搜索成功
2019-03-07 20:13:50,605 - BasePage - INFO - 长按成功
2019-03-07 20:13:51,534 - BasePage - INFO - 鼠标成功单击操作
2019-03-07 20:13:54,221 - BasePage - INFO - 成功从滑动
2019-03-07 20:13:54,941 - BasePage - INFO - 鼠标成功单击操作
2019-03-07 20:14:07,896 - BasePage - INFO - 鼠标成功单击操作
2019-03-07 20:14:09,483 - BasePage - INFO - 鼠标成功单击操作
2019-03-07 20:14:15,426 - BasePage - INFO - 成功从滑动
2019-03-07 20:14:17,426 - HomePage - INFO - 鼠标左滑成功
2019-03-07 20:14:17,852 - BasePage - INFO - 鼠标成功单击操作
2019-03-07 20:14:19,622 - BasePage - INFO - 鼠标成功单击操作
2019-03-07 20:14:34,691 - BasePage - INFO - 长按成功
2019-03-07 20:14:35,872 - BasePage - INFO - 鼠标成功单击操作
2019-03-07 20:14:37,096 - DeleteTest - INFO - 删除成功！
2019-03-07 20:14:37,468 - BasePage - INFO - 鼠标成功单击操作
2019-03-07 20:14:38,903 - BasePage - INFO - 鼠标成功单击操作
2019-03-07 20:14:40,568 - BasePage - INFO - 鼠标成功单击操作
2019-03-07 20:14:41,706 - BasePage - INFO - 鼠标成功单击操作
2019-03-07 20:14:42,696 - BasePage - INFO - 鼠标成功单击操作
2019-03-07 20:14:55,675 - BasePage - INFO - 鼠标成功单击操作
2019-03-07 20:14:56,906 - BasePage - INFO - 鼠标成功单击操作
2019-03-07 20:15:01,594 - BasePage - INFO - 鼠标成功单击操作
2019-03-07 20:15:09,815 - BasePage - INFO - 文本内容为：zhang
2019-03-07 20:15:15,301 - BasePage - INFO - 文本内容为：100434543@163.com
2019-03-07 20:15:20,605 - BasePage - INFO - 文本内容为：
2019-03-07 20:15:22,976 - BasePage - INFO - 鼠标成功单击操作
2019-03-07 20:15:24,684 - BasePage - INFO - 鼠标成功单击操作
2019-03-07 20:15:29,743 - RegistTest - INFO - 注册成功!
2019-03-07 20:15:43,335 - BasePage - INFO - 鼠标成功单击操作
2019-03-07 20:15:43,839 - BasePage - INFO - 鼠标成功单击操作
2019-03-07 20:15:45,800 - BasePage - INFO - 鼠标成功单击操作
2019-03-07 20:15:51,649 - BasePage - INFO - 文本内容为：Lisa
2019-03-07 20:15:54,819 - BasePage - INFO - 鼠标成功单击操作
2019-03-07 20:15:55,151 - BasePage - INFO - 鼠标成功单击操作
2019-03-07 20:16:06,167 - BasePage - INFO - 截到图保存到文件夹/screenshots中  
2019-03-07 20:16:06,167 - BasePage - ERROR - 未找到文本'NoneType' object has no attribute 'text'
2019-03-07 20:16:06,756 - BasePage - INFO - 截到图保存到文件夹/screenshots中  
2019-03-07 20:16:06,756 - ModifyTest - ERROR - 修改失败！
2019-03-07 20:16:23,449 - BasePage - INFO - 截到图保存到文件夹/screenshots中  
2019-03-07 20:16:23,449 - BasePage - ERROR - 未找到元素，鼠标单击失败'NoneType' object has no attribute 'click'
2019-03-07 20:16:24,030 - BasePage - INFO - 截到图保存到文件夹/screenshots中  
2019-03-07 20:16:34,561 - BasePage - INFO - 截到图保存到文件夹/screenshots中  
2019-03-07 20:16:34,561 - BasePage - ERROR - 未找到元素，鼠标单击失败'NoneType' object has no attribute 'click'
2019-03-07 20:16:35,032 - BasePage - INFO - 截到图保存到文件夹/screenshots中  
2019-03-07 20:16:50,497 - BasePage - INFO - 鼠标成功单击操作
2019-03-07 20:17:01,920 - BasePage - INFO - 鼠标成功单击操作
2019-03-07 20:17:21,615 - BasePage - INFO - 文本内容为：330349143@qq.com
2019-03-07 20:17:27,951 - BasePage - INFO - 文本内容为：
2019-03-07 20:17:32,794 - BasePage - INFO - 鼠标成功单击操作
2019-03-07 20:17:33,803 - BasePage - INFO - 鼠标成功单击操作
2019-03-07 20:17:39,124 - BasePage - INFO - 鼠标成功单击操作
2019-03-07 20:17:41,699 - BasePage - INFO - 鼠标成功单击操作
